<?xml version="1.0" encoding="UTF-8"?>
<!-- Generated by org.testng.reporters.JUnitReportReporter -->
<testsuite hostname="DESKTOP-MB8F1EA" name="net.kitty.lesson.helloapi.lesson2019.Demo3_GlobalProperty" tests="1" failures="0" timestamp="5 Jan 2020 02:43:38 GMT" time="2.194" errors="0">
  <testcase name="testListUserByParam" time="2.194" classname="net.kitty.lesson.helloapi.lesson2019.Demo3_GlobalProperty"/>
</testsuite> <!-- net.kitty.lesson.helloapi.lesson2019.Demo3_GlobalProperty -->
