<?xml version="1.0" encoding="UTF-8"?>
<!-- Generated by org.testng.reporters.JUnitReportReporter -->
<testsuite hostname="DESKTOP-MB8F1EA" name="net.kitty.lesson.helloapi.lesson2019.Day2_5_PropConsumer" tests="1" failures="0" timestamp="5 Jan 2020 07:23:08 GMT" time="0.024" errors="0">
  <testcase name="test" time="0.024" classname="net.kitty.lesson.helloapi.lesson2019.Day2_5_PropConsumer"/>
</testsuite> <!-- net.kitty.lesson.helloapi.lesson2019.Day2_5_PropConsumer -->
